<?xml version="1.0" encoding="UTF-8"?>
<!-- Generated by org.testng.reporters.JUnitXMLReporter -->
<testsuite ignored="4" hostname="DESKTOP-HGCGENQ" failures="0" tests="4" name="Test" time="0.356" errors="0" timestamp="2023-08-16T14:48:34 IST">
  <testcase classname="com.banking.obs.sampleTestCases.ApplyAccount" name="createAccount" time="0.038"/>
  <testcase classname="com.banking.obs.sampleTestCases.ApplyAccount" name="deleteAccount" time="0.011"/>
  <testcase classname="com.banking.obs.sampleTestCases.InternetBanking" name="registerInternetBanking" time="0.014"/>
  <testcase classname="com.banking.obs.sampleTestCases.InternetBanking" name="deleteInternetBanking" time="0.008"/>
  <testcase classname="com.banking.obs.sampleTestCases.InternetBanking" name="transferAmount" time="0.0">
    <ignored/>
  </testcase> <!-- transferAmount -->
  <testcase classname="com.banking.obs.sampleTestCases.ApplyAccount" name="modifyAccount" time="0.0">
    <ignored/>
  </testcase> <!-- modifyAccount -->
  <testcase classname="com.banking.obs.sampleTestCases.InternetBanking" name="loginInternetBanking" time="0.0">
    <ignored/>
  </testcase> <!-- loginInternetBanking -->
  <testcase classname="com.banking.obs.sampleTestCases.InternetBanking" name="modifyInternetBanking" time="0.0">
    <ignored/>
  </testcase> <!-- modifyInternetBanking -->
</testsuite> <!-- Test -->
