<?xml version="1.0" encoding="UTF-8"?>
<testng-results ignored="0" total="4" passed="4" failed="0" skipped="0">
  <reporter-output>
  </reporter-output>
  <suite started-at="2023-08-16T14:48:33 IST" name="Suite" finished-at="2023-08-16T14:48:34 IST" duration-ms="356">
    <groups>
      <group name="smoke">
        <method signature="InternetBanking.registerInternetBanking()[pri:0, instance:com.banking.obs.sampleTestCases.InternetBanking@31304f14]" name="registerInternetBanking" class="com.banking.obs.sampleTestCases.InternetBanking"/>
        <method signature="InternetBanking.deleteInternetBanking()[pri:0, instance:com.banking.obs.sampleTestCases.InternetBanking@31304f14]" name="deleteInternetBanking" class="com.banking.obs.sampleTestCases.InternetBanking"/>
        <method signature="ApplyAccount.createAccount()[pri:0, instance:com.banking.obs.sampleTestCases.ApplyAccount@55b699ef]" name="createAccount" class="com.banking.obs.sampleTestCases.ApplyAccount"/>
        <method signature="ApplyAccount.deleteAccount()[pri:0, instance:com.banking.obs.sampleTestCases.ApplyAccount@55b699ef]" name="deleteAccount" class="com.banking.obs.sampleTestCases.ApplyAccount"/>
      </group> <!-- smoke -->
    </groups>
    <test started-at="2023-08-16T14:48:33 IST" name="Test" finished-at="2023-08-16T14:48:34 IST" duration-ms="356">
      <class name="com.banking.obs.sampleTestCases.ApplyAccount">
        <test-method signature="createAccount()[pri:0, instance:com.banking.obs.sampleTestCases.ApplyAccount@55b699ef]" started-at="2023-08-16T14:48:33 IST" name="createAccount" finished-at="2023-08-16T14:48:33 IST" duration-ms="38" status="PASS">
          <reporter-output>
          </reporter-output>
        </test-method> <!-- createAccount -->
        <test-method signature="deleteAccount()[pri:0, instance:com.banking.obs.sampleTestCases.ApplyAccount@55b699ef]" started-at="2023-08-16T14:48:34 IST" name="deleteAccount" finished-at="2023-08-16T14:48:34 IST" duration-ms="11" status="PASS">
          <reporter-output>
          </reporter-output>
        </test-method> <!-- deleteAccount -->
      </class> <!-- com.banking.obs.sampleTestCases.ApplyAccount -->
      <class name="com.banking.obs.sampleTestCases.InternetBanking">
        <test-method signature="registerInternetBanking()[pri:0, instance:com.banking.obs.sampleTestCases.InternetBanking@31304f14]" started-at="2023-08-16T14:48:34 IST" name="registerInternetBanking" finished-at="2023-08-16T14:48:34 IST" duration-ms="14" status="PASS">
          <reporter-output>
          </reporter-output>
        </test-method> <!-- registerInternetBanking -->
        <test-method signature="deleteInternetBanking()[pri:0, instance:com.banking.obs.sampleTestCases.InternetBanking@31304f14]" started-at="2023-08-16T14:48:34 IST" name="deleteInternetBanking" finished-at="2023-08-16T14:48:34 IST" depends-on-methods="com.banking.obs.sampleTestCases.InternetBanking.registerInternetBanking" duration-ms="8" status="PASS">
          <reporter-output>
          </reporter-output>
        </test-method> <!-- deleteInternetBanking -->
      </class> <!-- com.banking.obs.sampleTestCases.InternetBanking -->
    </test> <!-- Test -->
  </suite> <!-- Suite -->
</testng-results>
